<?xml version="1.0" encoding="UTF-8"?>
<!-- Generated by org.testng.reporters.JUnitReportReporter -->
<testsuite hostname="DESKTOP-LQ36VU4" failures="0" tests="3" name="com.practice.DataProviderClass" time="0.013" errors="0" timestamp="2024-02-16T15:14:44 IST" skipped="0">
  <testcase classname="com.practice.DataProviderClass" name="testData" time="0.002"/>
  <system-out/>
  <testcase classname="com.practice.DataProviderClass" name="testData" time="0.010"/>
  <system-out/>
  <testcase classname="com.practice.DataProviderClass" name="testData" time="0.001"/>
  <system-out/>
</testsuite> <!-- com.practice.DataProviderClass -->
