<?xml version="1.0" encoding="UTF-8"?>
<!-- Generated by org.testng.reporters.JUnitReportReporter -->
<testsuite hostname="DESKTOP-LQ36VU4" failures="0" tests="2" name="com.practice.FirstNgTest" time="0.010" errors="0" timestamp="2024-02-16T14:44:52 IST" skipped="1">
  <testcase classname="com.practice.FirstNgTest" name="firstMethod" time="0.010"/>
  <system-out/>
  <testcase classname="com.practice.FirstNgTest" name="secondMethod">
    <skipped/>
  </testcase> <!-- secondMethod -->
  <system-out/>
</testsuite> <!-- com.practice.FirstNgTest -->
